         w __deregister_frame_info
         w __register_frame_info
         w userAppExit
         w userAppInit
00000000 00000401 B __ctru_dev_path_buf
00000000 b _TLS_MODULE_BASE_
00000000 a shift
00000000 a shift
00000404 00000802 B __ctru_dev_utf16_buf
00100000 A __start__
00100000 T _start
00100008 T __service_ptr
0010000c T __apt_appid
00100010 T __heap_size
00100014 T __linear_heap_size
00100018 T __system_arglist
0010001c T __system_runflags
00100020 t startup
00100058 t ClearMem
0010006c t ClrLoop
00100094 T _init
001000ac T __aeabi_idiv
001000ac 00000220 T __divsi3
001000b4 t .divsi3_skip_div0_test
001002cc 00000020 T __aeabi_idivmod
001002ec 00000004 W __aeabi_idiv0
001002ec 00000004 W __aeabi_ldiv0
001002f0 T __aeabi_ldivmod
001003c4 T __aeabi_uldivmod
00100408 00000390 T strcmp
00100790 t .udivsi3_skip_div0_test
00100790 T __aeabi_uidiv
00100790 000001ec T __udivsi3
0010097c 00000020 T __aeabi_uidivmod
0010099c T __aeabi_drsub
001009a4 000002b0 T __aeabi_dsub
001009a4 000002b0 T __subdf3
001009a8 000002ac T __adddf3
001009a8 000002ac T __aeabi_dadd
00100c54 00000024 T __aeabi_ui2d
00100c54 00000024 T __floatunsidf
00100c78 00000028 T __aeabi_i2d
00100c78 00000028 T __floatsidf
00100ca0 00000048 T __aeabi_f2d
00100ca0 00000048 T __extendsfdf2
00100ce8 00000074 T __aeabi_ul2d
00100ce8 00000074 T __floatundidf
00100cfc 00000060 T __aeabi_l2d
00100cfc 00000060 T __floatdidf
00100d5c t __do_global_dtors_aux
00100d9c t frame_dummy
00100dc8 000000b0 T main
00100e78 00000178 T consoleDrawChar
00100ff0 00000124 T consolePrintChar
00101114 00000a00 T con_write
00101b14 00000168 T consoleInit
00101c7c 000000f4 t newRow
00101d70 000000d0 t gfxPresentFramebuffer
00101e40 0000001c T gfxIsWide
00101e5c 000000ec T gfxSetScreenFormat
00101f48 00000010 T gfxSetDoubleBuffering
00101f58 00000108 T gfxInit
00102060 00000010 T gfxInitDefault
00102070 000000b4 T gfxExit
00102124 000000a0 T gfxGetFramebuffer
001021c4 0000010c T gfxFlushBuffers
001022d0 00000050 T gfxSwapBuffers
00102320 00000050 T gfxSwapBuffersGpu
00102370 00000c58 t gspHardwareInit
00102fc8 00000254 T gspInit
0010321c 000000f0 T gspExit
0010330c 00000010 T gspHasGpuRight
0010331c 00000098 T gspPresentBuffer
001033b4 00000050 T gspWaitForEvent
00103404 00000004 W gxCmdQueueInterrupt
00103408 00000160 t gspEventThreadMain
00103568 00000050 T GSPGPU_FlushDataCache
001035b8 00000034 T GSPGPU_SetLcdForceBlack
001035ec 00000068 T GSPGPU_AcquireRight
00103654 00000048 T GSPGPU_ReleaseRight
0010369c 0000007c T GSPGPU_ImportDisplayCaptureInfo
00103718 0000002c T GSPGPU_SaveVramSysArea
00103744 0000002c T GSPGPU_RestoreVramSysArea
00103770 000001b0 t aptConvertScreenForCapture
00103920 00000008 W aptDspSleep
00103928 00000004 W aptDspWakeup
0010392c 00000004 W aptDspCancel
00103930 0000015c T aptSendCommand
00103a8c 00000038 t aptExitProcess
00103ac4 000002f0 T aptExit
00103db4 000000d8 T aptHandleSleep
00103e8c 00000084 T APT_SleepIfShellClosed
00103f10 00000084 T aptSetSleepAllowed
00103f94 00000084 T APT_UnlockTransition
00104018 00000484 t aptEventHandler
0010449c 000000b0 T APT_ReceiveParameter
0010454c 000000b0 t aptReceiveParameter.constprop.0
00104600 000002bc t aptScreenTransfer
001048bc 000002d0 t aptWaitForWakeUp.isra.0
00104b8c 000000f8 T aptJumpToHomeMenu
00104c84 0000004c T aptMainLoop
00104cd0 00000234 T aptInit
00104f04 0000007c T APT_CheckNew3DS
00104f80 00000024 W hidShouldUseIrrst
00104fa4 0000018c T hidInit
00105130 000000e8 T hidExit
00105218 00000294 T hidScanInput
001054ac 00000010 T hidKeysHeld
001054bc 00000010 T hidKeysDown
001054cc 00000018 T hidTouchRead
001054e4 00000038 W __libctru_init
0010551c 000000f0 W __system_initArgv
0010560c T svcControlMemory
0010562c T svcQueryMemory
0010565c T svcExitProcess
00105664 T svcCreateThread
00105684 T svcExitThread
0010568c T svcSleepThread
00105694 T svcReleaseMutex
0010569c T svcCreateEvent
001056b0 T svcSignalEvent
001056b8 T svcClearEvent
001056c0 T svcMapMemoryBlock
001056c8 T svcUnmapMemoryBlock
001056d0 T svcCreateAddressArbiter
001056e4 T svcArbitrateAddressNoTimeout
001056ec T svcCloseHandle
001056f4 T svcWaitSynchronization
001056fc T svcWaitSynchronizationN
00105724 T svcDuplicateHandle
00105738 T svcGetSystemTick
00105740 T svcConnectToPort
00105754 T svcSendSyncRequest
0010575c T svcGetResourceLimit
00105770 T svcGetResourceLimitLimitValues
00105778 T svcGetResourceLimitCurrentValues
00105780 T svcBreak
00105788 W initSystem
001057d8 W __ctru_exit
001057f0 00000024 t addrMapNodeComparator(rbtree_node const*, rbtree_node const*)
00105814 00000004 t addrMapNodeDestructor(rbtree_node*)
00105818 00000114 T vramMemAlign
0010592c 00000008 T vramAlloc
00105934 0000005c T vramFree
00105990 00000024 t addrMapNodeComparator(rbtree_node const*, rbtree_node const*)
001059b4 00000004 t addrMapNodeDestructor(rbtree_node*)
001059b8 00000120 T linearMemAlign
00105ad8 00000008 T linearAlloc
00105ae0 0000005c T linearFree
00105b3c 00000084 T MemPool::CoalesceRight(MemBlock*)
00105bc0 00000170 T MemPool::Allocate(MemChunk&, unsigned long, int)
00105d30 000000fc T MemPool::Deallocate(MemChunk const&)
00105e2c 0000000c T __sync_init
00105e38 00000018 T __sync_fini
00105e50 0000002c T syncArbitrateAddress
00105e7c 0000001c T LightLock_Init
00105e98 00000094 T LightLock_Lock
00105f2c 00000044 T LightLock_TryLock
00105f70 00000040 T LightLock_Unlock
00105fb0 00000024 T RecursiveLock_Init
00105fd4 00000030 T RecursiveLock_Lock
00106004 00000078 T RecursiveLock_TryLock
0010607c 00000054 T RecursiveLock_Unlock
001060d0 00000040 T LightEvent_Init
00106110 000000a4 T LightEvent_Clear
001061b4 000000c8 T LightEvent_Signal
0010627c 00000058 T LightEvent_TryWait
001062d4 000000b0 T LightEvent_Wait
00106384 00000054 T osGetTimeRef
001063d8 000000e4 T osGetTime
001064bc 00000074 T __libctru_gtod
00106530 00000034 T __ctru_speedup_config
00106564 00000124 T srvInit
00106688 00000058 T srvExit
001066e0 00000080 T srvGetServiceHandleDirect
00106760 00000048 T srvGetServiceHandle
001067a8 00000038 T srvPublishToSubscriber
001067e0 00000188 T threadCreate
00106968 0000002c T threadFree
00106994 00000024 T threadJoin
001069b8 00000030 T threadGetCurrent
001069e8 00000040 T threadExit
00106a28 00000044 t _thread_begin
00106a6c 00000094 t mappableFindAddressWithin
00106b00 00000028 T mappableInit
00106b28 00000080 T mappableAlloc
00106ba8 00000004 T mappableFree
00106bac 00000160 T irrstInit
00106d0c 000000cc T irrstExit
00106dd8 000000b0 T irrstScanInput
00106e88 00000024 T irrstKeysHeld
00106eac 0000000c T srvPmGetSessionHandle
00106eb8 00000074 T ptmSysmInit
00106f2c 0000003c T ptmSysmExit
00106f68 00000034 T PTMSYSM_ConfigureNew3DSCPU
00106f9c 00000010 T rbtree_init
00106fac 000001a0 t do_insert
0010714c 00000008 T rbtree_insert
00107154 00000090 T rbtree_rotate
001071e4 00000338 T rbtree_remove
0010751c 00000074 T rbtree_find
00107590 00000030 W __appInit
001075c0 00000030 t __libctru_nanosleep
001075f0 00000030 t __libctru_get_reent
00107620 000000f8 T __system_initSyscalls
00107718 000001e0 W __system_allocateHeaps
001078f8 00000030 W __appExit
00107928 00000090 W __libctru_exit
001079b8 00000084 W envGetHandle
00107a3c 00000050 W envDestroyHandles
00107a8c 00000014 t archive_link
00107aa0 00000014 t archive_dirreset
00107ab4 00000014 t archive_chmod
00107ac8 00000024 t error_cmp
00107aec 00000050 t archive_translate_error
00107b3c 000000d4 t archive_seek
00107c10 0000007c t _archiveInit.part.0
00107c8c 0000008c t archiveFindDevice.part.0
00107d18 00000294 t archive_utf16path
00107fac 000000a0 t _archiveUnmountDeviceStruct.part.0
0010804c 00000014 t archive_fchmod
00108060 00000014 t archive_statvfs
00108074 00000158 t _archiveMountDevice
001081cc 000000e8 t archive_diropen
001082b4 000000a4 t archive_fstat
00108358 0000006c t archive_close
001083c4 0000006c t archive_fsync
00108430 00000070 t archive_dirclose
001084a0 000000e8 t sdmc_statvfs
00108588 00000080 t archive_ftruncate
00108608 000000fc t archive_chdir
00108704 000000b0 t archive_read
001087b4 000000ac t archive_unlink
00108860 000000c8 t archive_rmdir
00108928 000000ec t archive_mkdir
00108a14 000001a8 t archive_stat
00108bbc 00000184 t archive_rename
00108d40 00000168 t archive_dirnext
00108ea8 0000012c t archive_write
00108fd4 000001f0 t archive_open
001091c4 000001a4 T archiveMountSdmc
00109368 00000054 T archiveUnmountAll
001093bc 000000c8 T fsInit
00109484 0000003c T fsExit
001094c0 00000060 T fsExemptFromSession
00109520 00000050 T fsUnexemptFromSession
00109570 000000cc T FSUSER_OpenFile
0010963c 000000bc T FSUSER_DeleteFile
001096f8 000000f8 T FSUSER_RenameFile
001097f0 000000bc T FSUSER_DeleteDirectory
001098ac 000000d4 T FSUSER_CreateFile
00109980 000000c4 T FSUSER_CreateDirectory
00109a44 000000f8 T FSUSER_RenameDirectory
00109b3c 000000b4 T FSUSER_OpenDirectory
00109bf0 00000094 T FSUSER_OpenArchive
00109c84 0000008c T FSUSER_CloseArchive
00109d10 00000074 T FSUSER_GetSdmcArchiveResource
00109d84 00000064 T FSUSER_IsSdmcWritable
00109de8 00000058 T FSFILE_Read
00109e40 00000060 T FSFILE_Write
00109ea0 00000038 T FSFILE_GetSize
00109ed8 00000028 T FSFILE_SetSize
00109f00 0000003c T FSFILE_Close
00109f3c 00000024 T FSFILE_Flush
00109f60 00000050 T FSDIR_Read
00109fb0 0000003c T FSDIR_Close
00109fec 00000050 T rbtree_node_next
0010a03c 000000e8 T utf16_to_utf8
0010a124 00000064 T decode_utf16
0010a188 0000013c T decode_utf8
0010a2c4 000000c0 T utf8_to_utf16
0010a384 T __aeabi_read_tp
0010a390 00000060 T encode_utf16
0010a3f0 000000fc T encode_utf8
0010a4ec 00000120 T __udivmoddi4
0010a60c 00000078 T bsearch
0010a684 0000000c T __errno
0010a690 00000034 T exit
0010a6c4 0000003c T __libc_fini_array
0010a700 0000007c T __libc_init_array
0010a77c 00000028 T memalign
0010a7a4 00000150 T _memalign_r
0010a8f4 00000020 T malloc
0010a914 00000020 T free
0010a934 000007e0 T _malloc_r
0010b114 000000e0 T memchr
0010b1f4 0000011c T memcpy
0010b310 00000118 T memset
0010b428 0000000c T __malloc_lock
0010b434 0000000c T __malloc_unlock
0010b440 00000034 T printf
0010b474 00000260 T setvbuf
0010b6d4 00000074 T sscanf
0010b748 00000044 T __sread
0010b78c 00000008 T __seofread
0010b794 00000068 T __swrite
0010b7fc 00000048 T __sseek
0010b844 00000008 T __sclose
0010b84c 0000005c T strlen
0010b8a8 000000ec T strncat
0010b994 000000dc T strncmp
0010ba70 000000c0 T strncpy
0010bb30 00000048 T strnlen
0010bb78 00000050 t get_arg
0010bbc8 00002bbc T __ssvfscanf_r
0010e784 00000628 t get_arg
0010edac 00000030 T __sprint_r
0010eddc 0000233c T _vfiprintf_r
00111118 000000d4 t __sbprintf
001111ec 00000628 t get_arg
00111818 00003684 T _vfprintf_r
00114e9c 000000d4 t __sbprintf
00114f70 00000054 T _wcrtomb_r
00114fc4 00000028 T _wcsrtombs_r
00114fec 00000154 T __swsetup_r
00115140 00000114 T __call_exitprocs
00115254 000001ac t quorem
00115400 000012cc T _dtoa_r
001166cc 00000258 T __sflush_r
00116924 00000094 T _fflush_r
001169b8 0000000c T _cleanup_r
001169c4 00000184 T __sinit
00116b48 0000000c T __sfp_lock_acquire
00116b54 0000000c T __sfp_lock_release
00116b60 000000f8 T _malloc_trim_r
00116c58 000002e4 T _free_r
00116f3c 000004c0 T __sfvwrite_r
001173fc 00000070 T _fwalk_reent
0011746c 00000008 T iswspace
00117474 0000000c T _localeconv_r
00117480 00000010 T __locale_mb_cur_max
00117490 00000138 T __smakebuf_r
001175c8 0000008c T __swhatbuf_r
00117654 00000068 T _mbrtowc_r
001176bc 000002e4 T __utf8_mbtowc
001179a0 00000154 T memmove
00117af4 00000088 T _Balloc
00117b7c 0000001c T _Bfree
00117b98 000000f4 T __multadd
00117c8c 00000110 T __s2b
00117d9c 00000058 T __hi0bits
00117df4 00000094 T __lo0bits
00117e88 000000a4 T __i2b
00117f2c 00000204 T __multiply
00118130 00000120 T __pow5mult
00118250 0000013c T __lshift
0011838c 00000058 T __mcmp
001183e4 000001cc T __mdiff
001185b0 00000074 T __ulp
00118624 000000d0 T __b2d
001186f4 00000124 T __d2b
00118818 00000078 T __ratio
00118890 00000088 T __copybits
00118918 0000005c T __any_on
00118974 00000028 T realloc
0011899c 00000558 T _realloc_r
00118ef4 000000e4 T __sccl
00118fd8 0000000c T nanf
00118fe8 000000a8 T frexp
00119090 00000064 T sprintf
001190f4 000000b8 T stpncpy
001191ac 0000012c T strchr
001192d8 00001368 T _strtod_l
0011a640 0000000c T _strtod_r
0011a64c 0000022c t _strtoll_l.constprop.0
0011a878 00000004 T _strtoll_r
0011a87c 000001a4 t _strtol_l.part.0
0011aa20 0000003c T _strtol_r
0011aa5c 00000244 t _strtoull_l.constprop.0
0011aca0 00000004 T _strtoull_r
0011aca4 000001c4 t _strtoul_l.constprop.0
0011ae68 00000004 T _strtoul_r
0011ae6c 00000190 T __ssprint_r
0011affc 000000e0 T _sungetc_r
0011b0dc 0000006c T __ssrefill_r
0011b148 000000c8 T _sfread_r
0011b210 00000628 t get_arg
0011b838 000035b8 T _svfprintf_r
0011edf0 000000a8 T __submore
0011ee98 00000190 T _wcsnrtombs_l
0011f028 0000004c T _wcsnrtombs_r
0011f074 000000f0 T __utf8_wctomb
0011f164 00000054 T __assert_func
0011f1b8 000000bc T _calloc_r
0011f274 00000160 T _fclose_r
0011f3d4 0000003c T fiprintf
0011f410 000000ec t rshift
0011f4fc 00000904 T __gethex
0011fe00 0000004c T __match
0011fe4c 0000029c T __hexnan
001200e8 0000003c T iswspace_l
00120124 000001d4 t __jp2uc
001202f8 0000009c T _jp2uc_l
00120398 00000010 T nan
001203a8 00000014 T abort
001203bc 00000084 T category
00120440 00000098 T _raise_r
001204d8 00000020 T raise
001204f8 00000008 t null_write
00120500 00000018 T setDefaultDevice
00120518 000000c8 T FindDevice
001205e0 00000028 T RemoveDevice
00120608 0000009c T AddDevice
001206a4 00000020 T GetDeviceOpTab
001206c4 00000078 T _fstat_r
0012073c 00000014 T _getpid_r
00120750 00000008 T _isatty_r
00120758 00000014 T _kill_r
0012076c 00000084 T _lseek_r
001207f0 00000080 T _read_r
00120870 00000078 T _sbrk_r
001208e8 00000080 T _write_r
00120968 00000024 T _exit
0012098c 000001b8 T _concatenate_path
00120b44 00000160 T chdir
00120ca4 00000008 T __flockfile
00120cac 00000008 T __funlockfile
00120cb4 00000018 T __libc_lock_acquire
00120ccc 00000018 T __libc_lock_release
00120ce4 00000018 T __libc_lock_init_recursive
00120cfc 00000018 T __libc_lock_acquire_recursive
00120d14 00000018 T __libc_lock_release_recursive
00120d2c 00000018 T __libc_lock_close_recursive
00120d44 0000003c T __get_handle
00120d80 000000f4 T _close_r
00120e74 00000028 T __getreent
00120e9c 00000038 T __aeabi_d2lz
00120e9c 00000038 T __fixdfdi
00120ed8 00000040 T __aeabi_d2ulz
00120ed8 00000040 T __fixunsdfdi
00120f18 00000044 T strrchr
00120f5c T _fini
001210e4 00000030 r colorTable
00121114 00000070 r dotab_stdout
001211a8 00000008 r morton_x.3
001211b0 00000008 r morton_y.2
001211b8 00000008 r s_sleepWakeEvents.4
001211d8 R default_font_bin
001219d8 R default_font_bin_end
00121a10 00000070 r archive_devoptab
00121a80 00000030 r error_table
00121ab8 00000004 R _global_impure_ptr
00121ac4 00000022 r basefix.0
00121b10 00000010 r blanks.1
00121b20 00000010 r zeroes.0
00121b44 00000010 r blanks.1
00121b54 00000010 r zeroes.0
00121b64 00000101 R _ctype_
00121c78 r .LC2
00121d58 00000028 R __mprec_bigtens
00121d80 000000c8 R __mprec_tens
00121e48 0000000c r p05.0
00121e64 00000014 r fpi.1
00121e78 00000014 r fpinan.0
00121e90 00000028 r tinytens
00121eb8 0000006c R __action_table
00121f24 00000100 R __chclass
00122024 0000006c R __state_table
00122090 00000010 r blanks.1
001220a0 00000010 r zeroes.0
00122138 00000100 R __hexdig
0012224c 000000bc r a1
00122308 000000bc r a2
001223c4 0000005b r a3
00122420 00000070 r a6
00122490 000000a2 r a7
00122534 00000040 r a8
00122574 0000172a r b02cf
00123ca0 00001a7c r d02f4
0012571c 0000000c R _C_numeric_locale
00125728 000031e6 r categories
00128910 00000070 R dotab_stdnull
00128980 r 
00128980 R __exidx_end
00128980 R __exidx_start
00129000 00000004 D currentConsole
00129004 0000004c D defaultConsole
00129050 00000001 d firstConsoleInit.0
00129054 00000004 d kCount
00129058 00000004 d kDelay
0012905c 00000004 d kInterval
00129060 W __stacksize__
00129064 00000004 D _impure_ptr
00129068 00000460 d impure_data
001294c8 00000408 D __malloc_av_
001298d0 00000004 D __malloc_sbrk_base
001298d4 00000004 D __malloc_trim_threshold
001298d8 0000000c d __malloc_recursive_mutex
001298e4 0000000c D __atexit_recursive_mutex
001298f0 0000000c d __sfp_recursive_mutex
001298fc 0000000c d __sinit_recursive_mutex
00129908 0000016c D __global_locale
00129a74 00000002 d numempty
00129a78 00000004 d defaultDevice
00129a7c 0000008c D devoptab_list
00129b08 00000400 d _current_working_directory
00129f08 00000004 d __hndl_lock
00129f0c 0000000c d __stderr_handle
00129f18 0000000c d __stdin_handle
00129f24 0000000c d __stdout_handle
00129f30 00001000 d handles
0012af38 d _GLOBAL_OFFSET_TABLE_
0012af44 d __frame_dummy_init_array_entry
0012af44 D __init_array_start
0012af44 B __preinit_array_end
0012af44 B __preinit_array_start
0012af44 D __tdata_lma
0012af44 D __tdata_lma_end
0012af48 d __do_global_dtors_aux_fini_array_entry
0012af48 D __fini_array_start
0012af48 D __init_array_end
0012af4c D __bss_start__
0012af4c D __fini_array_end
0012af4c b completed.1
0012af50 b object.0
0012af68 0000004c B currentCopy
0012afb4 00000004 b gfxBottomFramebufferMaxSize
0012afb8 00000008 b gfxBottomFramebuffers
0012afc0 00000002 b gfxCurBuf
0012afc4 00000002 b gfxFramebufferFormats
0012afc8 00000002 b gfxIsDoubleBuf
0012afca 00000001 b gfxIsVram
0012afcc 00000004 b gfxTopFramebufferMaxSize
0012afd0 00000008 b gfxTopFramebuffers
0012afd8 00000001 b gfxTopMode
0012afdc 00000004 b screenAlloc
0012afe0 00000004 b screenFree
0012afe4 00000004 b gspEvent
0012afe8 0000001c b gspEventCb
0012b004 0000001c b gspEventCbData
0012b020 00000007 b gspEventCbOneShot
0012b028 00000004 b gspEventThread
0012b02c 00000038 b gspEvents
0012b064 00000004 b gspGpuHandle
0012b068 00000001 b gspGpuRight
0012b06c 00000004 b gspLastEvent
0012b070 00000004 b gspRefCount
0012b074 00000001 b gspRunEvents
0012b078 00000004 b gspSharedMem
0012b07c 00000004 b gspSharedMemHandle
0012b080 00000001 b gspThreadId
0012b081 00000001 b aptChainloadFlags
0012b082 00000001 b aptChainloadMediatype
0012b088 00000008 b aptChainloadTid
0012b090 00000004 b aptEventHandlerThread
0012b094 00000001 b aptEventHandlerThreadQuit
0012b098 00000008 b aptEvents
0012b0a0 0000000c b aptFirstHook
0012b0ac 00000004 b aptFlags
0012b0b0 00000001 b aptHomeButtonState
0012b0b4 00000004 b aptLockHandle
0012b0b8 00000004 b aptMessageFunc
0012b0bc 00000004 b aptMessageFuncData
0012b0c0 00001000 b aptParameters
0012c0c0 00000008 b aptReceiveEvent
0012c0c8 00000004 b aptRefCount
0012c0cc 00000008 b aptSleepEvent
0012c0d4 00000001 b flagInit.1
0012c0d5 00000001 b flagValue.0
0012c0d8 00000004 b serviceName.6
0012c0dc 00000006 b aVec
0012c0e4 00000004 b cPos
0012c0e8 00000006 b gRate
0012c0f0 00000014 B hidEvents
0012c104 00000004 B hidHandle
0012c108 00000004 B hidMemHandle
0012c10c 00000004 b hidRefCount
0012c110 00000004 B hidSharedMem
0012c114 00000004 b kDown
0012c118 00000004 b kHeld
0012c11c 00000004 b kOld
0012c120 00000004 b kRepeat
0012c124 00000004 b kUp
0012c128 00000004 b tPos
0012c12c 00000001 b usingIrrst
0012c130 00000004 B __system_retAddr
0012c134 00000004 B __system_argc
0012c138 00000004 B __system_argv
0012c13c b saved_stack
0012c144 0000000c b sAddrMap
0012c150 00000008 b sVramPool
0012c158 00000008 b sLinearPool
0012c160 0000000c b sAddrMap
0012c16c 00000004 b arbiter
0012c170 00000001 V __ctru_speedup
0012c174 00000004 b srvHandle
0012c178 00000004 b srvRefCount
0012c17c 00000004 b currentAddr
0012c180 00000004 b maxAddr
0012c184 00000004 b minAddr
0012c188 00000004 b csPos
0012c18c 00000004 B irrstEvent
0012c190 00000004 B irrstHandle
0012c194 00000004 B irrstMemHandle
0012c198 00000004 b irrstRefCount
0012c19c 00000004 B irrstSharedMem
0012c1a0 00000004 b kHeld
0012c1a4 00000004 b srvPmHandle
0012c1a8 00000004 b ptmSysmHandle
0012c1ac 00000004 b ptmSysmRefCount
0012c1b0 00000004 B __ctru_heap
0012c1b4 00000004 V __ctru_heap_size
0012c1b8 00000004 B __ctru_linear_heap
0012c1bc 00000004 V __ctru_linear_heap_size
0012c1c0 00000004 b archive_device_cwd
0012c1c8 00000540 b archive_devices
0012c708 00000001 b archive_initialized
0012c710 00000080 b fsExemptArchives
0012c790 00000004 b fsuHandle
0012c794 00000004 b fsuRefCount
0012c798 00000028 B __malloc_current_mallinfo
0012c7c0 00000004 B __malloc_max_sbrked_mem
0012c7c4 00000004 B __malloc_max_total_mem
0012c7c8 00000004 B __malloc_top_pad
0012c7cc 00000004 b heap_start.0
0012c7d0 00000004 B fake_heap_end
0012c7d4 00000004 B fake_heap_start
0012c7d8 00000400 b temp_cwd
0012cbd8 00000048 B __syscalls
0012cc20 B __tls_start
0012d828 B __bss_end__
0012d828 A __end__
0012d828 B __tls_end
